time="2019-09-17T09:26:48+08:00" level=info msg="API Log" error=Success fields.time="2019-09-17 09:26:48" param="{\"Type\":0,\"Page\":1,\"PageSize\":2}" route="POST /Post/GetPostByPage" statusCode=200
time="2019-09-17T09:27:00+08:00" level=info msg="API Log" error=Success fields.time="2019-09-17 09:27:00" param="{\"Type\":0,\"Page\":1,\"PageSize\":2}" route="POST /Post/GetPostByPage" statusCode=200
time="2019-12-25T11:36:17+08:00" level=info msg="API Log" error=Success fields.time="2019-12-25 11:36:17" param="{\"Npi\":1316960271}" route="POST /Doctor/GetDoctorInfoWithNpi" statusCode=200
time="2019-12-25T11:37:43+08:00" level=info msg="API Log" error=Success fields.time="2019-12-25 11:37:43" param="{\"Npi\":1972504397}" route="POST /Doctor/GetDoctorInfoWithNpi" statusCode=200
time="2019-12-25T11:41:10+08:00" level=info msg="API Log" error=Success fields.time="2019-12-25 11:41:10" param="{\"Npi\":1568671584}" route="POST /Doctor/GetDoctorInfoWithNpi" statusCode=200
time="2019-12-25T11:43:37+08:00" level=info msg="API Log" error=Success fields.time="2019-12-25 11:43:37" param="{\"Npi\":1972504397}" route="POST /Doctor/GetDoctorInfoWithNpi" statusCode=200
time="2019-12-25T11:51:08+08:00" level=info msg="API Log" error=Success fields.time="2019-12-25 11:51:08" param="{\"Npi\":1972504397}" route="POST /Doctor/GetDoctorInfoWithNpi" statusCode=200
time="2019-12-25T11:52:13+08:00" level=info msg="API Log" error=Success fields.time="2019-12-25 11:52:13" param="{\"Npi\":1972504397}" route="POST /Doctor/GetDoctorInfoWithNpi" statusCode=200
time="2019-12-25T11:56:20+08:00" level=info msg="API Log" error=Success fields.time="2019-12-25 11:56:20" param="{\"Npi\":1972504397}" route="POST /Doctor/GetDoctorInfoWithNpi" statusCode=200
time="2019-12-25T11:58:27+08:00" level=info msg="API Log" error=Success fields.time="2019-12-25 11:58:27" param="{\"Npi\":1972504397}" route="POST /Doctor/GetDoctorInfoWithNpi" statusCode=200
time="2019-12-25T13:43:10+08:00" level=info msg="API Log" error=Success fields.time="2019-12-25 13:43:10" param="{\"Npi\":1972504397}" route="POST /Doctor/GetDoctorInfoWithNpi" statusCode=200
time="2019-12-25T13:43:50+08:00" level=info msg="API Log" error=Success fields.time="2019-12-25 13:43:50" param="{\"Npi\":1972504397}" route="POST /Doctor/GetDoctorInfoWithNpi" statusCode=200
time="2019-12-25T13:44:12+08:00" level=info msg="API Log" error=Success fields.time="2019-12-25 13:44:12" param="{\"Npi\":1972504397}" route="POST /Doctor/GetDoctorInfoWithNpi" statusCode=200
time="2019-12-25T13:44:44+08:00" level=info msg="API Log" error=Success fields.time="2019-12-25 13:44:44" param="{\"Npi\":1972504397}" route="POST /Doctor/GetDoctorInfoWithNpi" statusCode=200
time="2019-12-25T13:45:52+08:00" level=info msg="API Log" error=Success fields.time="2019-12-25 13:45:52" param="{\"Npi\":1972504397}" route="POST /Doctor/GetDoctorInfoWithNpi" statusCode=200
time="2019-12-25T13:47:11+08:00" level=info msg="API Log" error=Success fields.time="2019-12-25 13:47:11" param="{\"Npi\":1972504397}" route="POST /Doctor/GetDoctorInfoWithNpi" statusCode=200
time="2019-12-25T13:49:28+08:00" level=info msg="API Log" error=Success fields.time="2019-12-25 13:49:28" param="{\"Npi\":1972504397}" route="POST /Doctor/GetDoctorInfoWithNpi" statusCode=200
time="2019-12-25T13:50:31+08:00" level=info msg="API Log" error=Success fields.time="2019-12-25 13:50:31" param="{\"Npi\":1972504397}" route="POST /Doctor/GetDoctorInfoWithNpi" statusCode=200
time="2019-12-25T13:52:33+08:00" level=info msg="API Log" error=Success fields.time="2019-12-25 13:52:33" param="{\"Npi\":1972504397}" route="POST /Doctor/GetDoctorInfoWithNpi" statusCode=200
time="2019-12-25T14:00:34+08:00" level=info msg="API Log" error=Success fields.time="2019-12-25 14:00:34" param="{\"Npi\":1972504397}" route="POST /Doctor/GetDoctorInfoWithNpi" statusCode=200
time="2019-12-25T14:03:39+08:00" level=info msg="API Log" error=Success fields.time="2019-12-25 14:03:39" param="{\"Npi\":1972504397}" route="POST /Doctor/GetDoctorInfoWithNpi" statusCode=200
time="2019-12-25T14:10:10+08:00" level=info msg="API Log" error=Success fields.time="2019-12-25 14:10:10" param="{\"Npi\":1316960271}" route="POST /Doctor/GetDoctorInfoWithNpi" statusCode=200
time="2019-12-25T14:10:51+08:00" level=info msg="API Log" error=Success fields.time="2019-12-25 14:10:51" param="{\"Npi\":1316960271}" route="POST /Doctor/GetDoctorInfoWithNpi" statusCode=200
time="2019-12-25T14:13:20+08:00" level=info msg="API Log" error=Success fields.time="2019-12-25 14:13:20" param="{\"Npi\":1316960271}" route="POST /Doctor/GetDoctorInfoWithNpi" statusCode=200
time="2019-12-25T14:13:50+08:00" level=info msg="API Log" error=Success fields.time="2019-12-25 14:13:50" param="{\"Npi\":1316960271}" route="POST /Doctor/GetDoctorInfoWithNpi" statusCode=200
time="2019-12-25T14:14:53+08:00" level=info msg="API Log" error=Success fields.time="2019-12-25 14:14:53" param="{\"Npi\":1316960271}" route="POST /Doctor/GetDoctorInfoWithNpi" statusCode=200
time="2019-12-25T14:15:56+08:00" level=info msg="API Log" error=Success fields.time="2019-12-25 14:15:56" param="{\"Npi\":1316960271}" route="POST /Doctor/GetDoctorInfoWithNpi" statusCode=200
time="2019-12-25T14:18:49+08:00" level=info msg="API Log" error=Success fields.time="2019-12-25 14:18:49" param="{\"Npi\":1154381598}" route="POST /Doctor/GetDoctorInfoWithNpi" statusCode=200
time="2019-12-25T14:19:16+08:00" level=info msg="API Log" error=Success fields.time="2019-12-25 14:19:16" param="{\"Npi\":1316960271}" route="POST /Doctor/GetDoctorInfoWithNpi" statusCode=200
time="2019-12-25T14:20:06+08:00" level=info msg="API Log" error=Success fields.time="2019-12-25 14:20:06" param="{\"Npi\":1316960271}" route="POST /Doctor/GetDoctorInfoWithNpi" statusCode=200
time="2019-12-25T14:20:27+08:00" level=info msg="API Log" error=Success fields.time="2019-12-25 14:20:27" param="{\"Npi\":1316960271}" route="POST /Doctor/GetDoctorInfoWithNpi" statusCode=200
time="2019-12-25T14:20:52+08:00" level=info msg="API Log" error=Success fields.time="2019-12-25 14:20:52" param="{\"Npi\":1316960271}" route="POST /Doctor/GetDoctorInfoWithNpi" statusCode=200
time="2019-12-25T14:22:05+08:00" level=info msg="API Log" error=Success fields.time="2019-12-25 14:22:05" param="{\"Npi\":1316960271}" route="POST /Doctor/GetDoctorInfoWithNpi" statusCode=200
time="2019-12-25T14:32:44+08:00" level=info msg="API Log" error=Success fields.time="2019-12-25 14:32:44" param="{\"Npi\":1316960271}" route="POST /Doctor/GetDoctorInfoWithNpi" statusCode=200
time="2019-12-25T14:48:11+08:00" level=info msg="API Log" error=Success fields.time="2019-12-25 14:48:11" param="{\"Npi\":1316960271}" route="POST /Doctor/GetDoctorInfoWithNpi" statusCode=200
time="2019-12-25T14:50:18+08:00" level=info msg="API Log" error=Success fields.time="2019-12-25 14:50:18" param="{\"Npi\":1316960271}" route="POST /Doctor/GetDoctorInfoWithNpi" statusCode=200
time="2019-12-25T15:02:42+08:00" level=info msg="API Log" error=Success fields.time="2019-12-25 15:02:42" param="{\"Npi\":1316960271}" route="POST /Doctor/GetDoctorInfoWithNpi" statusCode=200
time="2019-12-25T15:03:19+08:00" level=info msg="API Log" error=Success fields.time="2019-12-25 15:03:19" param="{\"Npi\":1316960271}" route="POST /Doctor/GetDoctorInfoWithNpi" statusCode=200
time="2019-12-25T15:06:29+08:00" level=info msg="API Log" error=Success fields.time="2019-12-25 15:06:29" param="{\"Npi\":1316960271}" route="POST /Doctor/GetDoctorInfoWithNpi" statusCode=200
time="2019-12-25T15:15:25+08:00" level=info msg="API Log" error=Success fields.time="2019-12-25 15:15:25" param="{\"Npi\":1316960271}" route="POST /Doctor/GetDoctorInfoWithNpi" statusCode=200
time="2019-12-25T15:15:46+08:00" level=info msg="API Log" error=Success fields.time="2019-12-25 15:15:46" param="{\"Npi\":1316960271}" route="POST /Doctor/GetDoctorInfoWithNpi" statusCode=200
time="2019-12-25T15:16:13+08:00" level=info msg="API Log" error=Success fields.time="2019-12-25 15:16:13" param="{\"Npi\":1316960271}" route="POST /Doctor/GetDoctorInfoWithNpi" statusCode=200
time="2019-12-25T15:17:50+08:00" level=info msg="API Log" error=Success fields.time="2019-12-25 15:17:50" param="{\"Npi\":1316960271}" route="POST /Doctor/GetDoctorInfoWithNpi" statusCode=200
time="2019-12-25T15:19:13+08:00" level=info msg="API Log" error=Success fields.time="2019-12-25 15:19:13" param="{\"Npi\":1316960271}" route="POST /Doctor/GetDoctorInfoWithNpi" statusCode=200
time="2019-12-25T15:20:54+08:00" level=info msg="API Log" error=Success fields.time="2019-12-25 15:20:54" param="{\"Npi\":1316960271}" route="POST /Doctor/GetDoctorInfoWithNpi" statusCode=200
time="2019-12-25T15:21:37+08:00" level=info msg="API Log" error=Success fields.time="2019-12-25 15:21:37" param="{\"Npi\":1316960271}" route="POST /Doctor/GetDoctorInfoWithNpi" statusCode=200
time="2019-12-25T15:24:06+08:00" level=info msg="API Log" error=Success fields.time="2019-12-25 15:24:06" param="{\"Npi\":1316960271}" route="POST /Doctor/GetDoctorInfoWithNpi" statusCode=200
time="2019-12-25T15:25:51+08:00" level=info msg="API Log" error=Success fields.time="2019-12-25 15:25:51" param="{\"Npi\":1316960271}" route="POST /Doctor/GetDoctorInfoWithNpi" statusCode=200
time="2019-12-25T15:30:09+08:00" level=info msg="API Log" error=Success fields.time="2019-12-25 15:30:09" param="{\"Npi\":1316960271}" route="POST /Doctor/GetDoctorInfoWithNpi" statusCode=200
time="2019-12-25T15:33:04+08:00" level=info msg="API Log" error=Success fields.time="2019-12-25 15:33:04" param="{\"Npi\":1316960271}" route="POST /Doctor/GetDoctorInfoWithNpi" statusCode=200
time="2019-12-25T15:44:07+08:00" level=info msg="API Log" error=Success fields.time="2019-12-25 15:44:07" param="{\"Npi\":1972504397}" route="POST /Doctor/GetDoctorInfoWithNpi" statusCode=200
time="2019-12-25T15:44:45+08:00" level=info msg="API Log" error=Success fields.time="2019-12-25 15:44:45" param="{\"Npi\":1710089503}" route="POST /Doctor/GetDoctorInfoWithNpi" statusCode=200
time="2019-12-25T15:45:59+08:00" level=info msg="API Log" error=Success fields.time="2019-12-25 15:45:59" param="{\"Npi\":1154381598}" route="POST /Doctor/GetDoctorInfoWithNpi" statusCode=200
time="2019-12-25T15:46:04+08:00" level=info msg="API Log" error=Success fields.time="2019-12-25 15:46:04" param="{\"Npi\":1972504397}" route="POST /Doctor/GetDoctorInfoWithNpi" statusCode=200
time="2019-12-25T15:46:26+08:00" level=info msg="API Log" error=Success fields.time="2019-12-25 15:46:26" param="{\"Npi\":1972504397}" route="POST /Doctor/GetDoctorInfoWithNpi" statusCode=200
time="2019-12-25T15:48:47+08:00" level=info msg="API Log" error=Success fields.time="2019-12-25 15:48:47" param="{\"Npi\":1225019706}" route="POST /Doctor/GetDoctorInfoWithNpi" statusCode=200
time="2019-12-25T15:49:57+08:00" level=info msg="API Log" error=Success fields.time="2019-12-25 15:49:57" param="{\"Npi\":1225019706}" route="POST /Doctor/GetDoctorInfoWithNpi" statusCode=200
time="2019-12-25T16:01:02+08:00" level=info msg="API Log" error=Success fields.time="2019-12-25 16:01:02" param="{\"Npi\":1942246467}" route="POST /Doctor/GetDoctorInfoWithNpi" statusCode=200
time="2019-12-25T16:03:14+08:00" level=info msg="API Log" error=Success fields.time="2019-12-25 16:03:14" param="{\"Npi\":1285606202}" route="POST /Doctor/GetDoctorInfoWithNpi" statusCode=200
time="2019-12-25T16:05:37+08:00" level=info msg="API Log" error=Success fields.time="2019-12-25 16:05:37" param="{\"Npi\":1629268263}" route="POST /Doctor/GetDoctorInfoWithNpi" statusCode=200
time="2019-12-25T16:06:15+08:00" level=info msg="API Log" error=Success fields.time="2019-12-25 16:06:15" param="{\"Npi\":1285606202}" route="POST /Doctor/GetDoctorInfoWithNpi" statusCode=200
time="2019-12-25T16:06:50+08:00" level=info msg="API Log" error=Success fields.time="2019-12-25 16:06:50" param="{\"Npi\":1336169051}" route="POST /Doctor/GetDoctorInfoWithNpi" statusCode=200
time="2019-12-25T16:07:05+08:00" level=info msg="API Log" error=Success fields.time="2019-12-25 16:07:05" param="{\"Npi\":1457346140}" route="POST /Doctor/GetDoctorInfoWithNpi" statusCode=200
time="2019-12-25T16:08:06+08:00" level=info msg="API Log" error=Success fields.time="2019-12-25 16:08:06" param="{\"Npi\":1316960271}" route="POST /Doctor/GetDoctorInfoWithNpi" statusCode=200
time="2019-12-25T16:08:42+08:00" level=info msg="API Log" error=Success fields.time="2019-12-25 16:08:42" param="{\"Npi\":1316960271}" route="POST /Doctor/GetDoctorInfoWithNpi" statusCode=200
time="2019-12-25T16:09:03+08:00" level=info msg="API Log" error=Success fields.time="2019-12-25 16:09:03" param="{\"Npi\":1316960271}" route="POST /Doctor/GetDoctorInfoWithNpi" statusCode=200
time="2019-12-25T16:09:56+08:00" level=info msg="API Log" error=Success fields.time="2019-12-25 16:09:56" param="{\"Npi\":1316960271}" route="POST /Doctor/GetDoctorInfoWithNpi" statusCode=200
time="2019-12-25T16:10:21+08:00" level=info msg="API Log" error=Success fields.time="2019-12-25 16:10:21" param="{\"Npi\":1316960271}" route="POST /Doctor/GetDoctorInfoWithNpi" statusCode=200
time="2019-12-25T16:11:00+08:00" level=info msg="API Log" error=Success fields.time="2019-12-25 16:11:00" param="{\"Npi\":1801054754}" route="POST /Doctor/GetDoctorInfoWithNpi" statusCode=200
time="2019-12-25T16:11:04+08:00" level=info msg="API Log" error=Success fields.time="2019-12-25 16:11:04" param="{\"Npi\":1225019706}" route="POST /Doctor/GetDoctorInfoWithNpi" statusCode=200
time="2019-12-25T16:11:33+08:00" level=info msg="API Log" error=Success fields.time="2019-12-25 16:11:33" param="{\"Npi\":1629268263}" route="POST /Doctor/GetDoctorInfoWithNpi" statusCode=200
time="2019-12-25T16:11:38+08:00" level=info msg="API Log" error=Success fields.time="2019-12-25 16:11:38" param="{\"Npi\":1225019706}" route="POST /Doctor/GetDoctorInfoWithNpi" statusCode=200
time="2019-12-25T16:12:16+08:00" level=info msg="API Log" error=Success fields.time="2019-12-25 16:12:16" param="{\"Npi\":1942246467}" route="POST /Doctor/GetDoctorInfoWithNpi" statusCode=200
time="2019-12-25T16:25:23+08:00" level=info msg="API Log" error=Success fields.time="2019-12-25 16:25:23" param="{\"Npi\":1316960271}" route="POST /Doctor/GetDoctorInfoWithNpi" statusCode=200
time="2019-12-25T16:25:31+08:00" level=info msg="API Log" error=Success fields.time="2019-12-25 16:25:31" param="{\"Npi\":1629268263}" route="POST /Doctor/GetDoctorInfoWithNpi" statusCode=200
time="2019-12-25T16:27:41+08:00" level=info msg="API Log" error=Success fields.time="2019-12-25 16:27:41" param="{\"Npi\":1710089503}" route="POST /Doctor/GetDoctorInfoWithNpi" statusCode=200
time="2019-12-25T16:30:21+08:00" level=info msg="API Log" error=Success fields.time="2019-12-25 16:30:21" param="{\"Npi\":1316960271}" route="POST /Doctor/GetDoctorInfoWithNpi" statusCode=200
time="2019-12-25T16:33:47+08:00" level=info msg="API Log" error=Success fields.time="2019-12-25 16:33:47" param="{\"Npi\":1316960271}" route="POST /Doctor/GetDoctorInfoWithNpi" statusCode=200
time="2019-12-25T16:34:54+08:00" level=info msg="API Log" error=Success fields.time="2019-12-25 16:34:54" param="{\"Npi\":1316960271}" route="POST /Doctor/GetDoctorInfoWithNpi" statusCode=200
time="2019-12-25T16:35:00+08:00" level=info msg="API Log" error=Success fields.time="2019-12-25 16:35:00" param="{\"Npi\":1316960271}" route="POST /Doctor/GetDoctorInfoWithNpi" statusCode=200
time="2019-12-25T16:36:06+08:00" level=info msg="API Log" error=Success fields.time="2019-12-25 16:36:06" param="{\"Npi\":1316960271}" route="POST /Doctor/GetDoctorInfoWithNpi" statusCode=200
time="2020-01-02T14:21:33+08:00" level=info msg="API Log" error=Success fields.time="2020-01-02 14:21:33" param="{\"Npi\":1316960271}" route="POST /Doctor/GetDoctorInfoWithNpi" statusCode=200
time="2020-01-02T14:21:50+08:00" level=info msg="API Log" error=Success fields.time="2020-01-02 14:21:50" param="{\"Npi\":1568671584}" route="POST /Doctor/GetDoctorInfoWithNpi" statusCode=200
time="2020-01-02T14:30:05+08:00" level=info msg="API Log" error=Success fields.time="2020-01-02 14:30:05" param="{\"Npi\":1154381598}" route="POST /Doctor/GetDoctorInfoWithNpi" statusCode=200
time="2020-01-02T14:35:54+08:00" level=info msg="API Log" error=Success fields.time="2020-01-02 14:35:54" param="{\"Npi\":1316960271}" route="POST /Doctor/GetDoctorInfoWithNpi" statusCode=200
time="2020-01-02T14:36:34+08:00" level=info msg="API Log" error=Success fields.time="2020-01-02 14:36:34" param="{\"Npi\":1316960271}" route="POST /Doctor/GetDoctorInfoWithNpi" statusCode=200
time="2020-01-02T14:37:27+08:00" level=info msg="API Log" error=Success fields.time="2020-01-02 14:37:27" param="{\"Npi\":1316960271}" route="POST /Doctor/GetDoctorInfoWithNpi" statusCode=200
time="2020-01-02T14:38:42+08:00" level=info msg="API Log" error=Success fields.time="2020-01-02 14:38:42" param="{\"Npi\":1316960271}" route="POST /Doctor/GetDoctorInfoWithNpi" statusCode=200
time="2020-01-02T14:38:50+08:00" level=info msg="API Log" error=Success fields.time="2020-01-02 14:38:50" param="{\"Npi\":1285606202}" route="POST /Doctor/GetDoctorInfoWithNpi" statusCode=200
time="2020-01-02T14:42:22+08:00" level=info msg="API Log" error=Success fields.time="2020-01-02 14:42:22" param="{\"Npi\":1316960271}" route="POST /Doctor/GetDoctorInfoWithNpi" statusCode=200
time="2020-01-02T14:42:36+08:00" level=info msg="API Log" error=Success fields.time="2020-01-02 14:42:36" param="{\"Npi\":1801054754}" route="POST /Doctor/GetDoctorInfoWithNpi" statusCode=200
time="2020-01-02T14:42:40+08:00" level=info msg="API Log" error=Success fields.time="2020-01-02 14:42:40" param="{\"Npi\":1629268263}" route="POST /Doctor/GetDoctorInfoWithNpi" statusCode=200
time="2020-01-02T14:42:44+08:00" level=info msg="API Log" error=Success fields.time="2020-01-02 14:42:44" param="{\"Npi\":1720213838}" route="POST /Doctor/GetDoctorInfoWithNpi" statusCode=200
time="2020-01-02T14:43:06+08:00" level=info msg="API Log" error=Success fields.time="2020-01-02 14:43:06" param="{\"Npi\":1285606202}" route="POST /Doctor/GetDoctorInfoWithNpi" statusCode=200
time="2020-01-02T14:43:49+08:00" level=info msg="API Log" error=Success fields.time="2020-01-02 14:43:49" param="{\"Npi\":1720213838}" route="POST /Doctor/GetDoctorInfoWithNpi" statusCode=200
time="2020-01-02T14:44:41+08:00" level=info msg="API Log" error=Success fields.time="2020-01-02 14:44:41" param="{\"Npi\":1982886826}" route="POST /Doctor/GetDoctorInfoWithNpi" statusCode=200
time="2020-01-02T14:55:42+08:00" level=info msg="API Log" error=Success fields.time="2020-01-02 14:55:42" param="{\"Npi\":1316960271}" route="POST /Doctor/GetDoctorInfoWithNpi" statusCode=200
time="2020-01-02T15:01:40+08:00" level=info msg="API Log" error=Success fields.time="2020-01-02 15:01:40" param="{\"Npi\":1316960271}" route="POST /Doctor/GetDoctorInfoWithNpi" statusCode=200
time="2020-01-02T15:06:59+08:00" level=info msg="API Log" error=Success fields.time="2020-01-02 15:06:59" param="{\"Npi\":1316960271}" route="POST /Doctor/GetDoctorInfoWithNpi" statusCode=200
time="2020-01-02T15:07:42+08:00" level=info msg="API Log" error=Success fields.time="2020-01-02 15:07:42" param="{\"Npi\":1316960271}" route="POST /Doctor/GetDoctorInfoWithNpi" statusCode=200
time="2020-01-02T15:08:13+08:00" level=info msg="API Log" error=Success fields.time="2020-01-02 15:08:13" param="{\"Npi\":1629268263}" route="POST /Doctor/GetDoctorInfoWithNpi" statusCode=200
time="2020-01-02T15:10:14+08:00" level=info msg="API Log" error=Success fields.time="2020-01-02 15:10:14" param="{\"Npi\":1316960271}" route="POST /Doctor/GetDoctorInfoWithNpi" statusCode=200
time="2020-01-02T15:10:46+08:00" level=info msg="API Log" error=Success fields.time="2020-01-02 15:10:46" param="{\"Npi\":1316960271}" route="POST /Doctor/GetDoctorInfoWithNpi" statusCode=200
time="2020-01-02T15:16:08+08:00" level=info msg="API Log" error=Success fields.time="2020-01-02 15:16:08" param="{\"Npi\":1316960271}" route="POST /Doctor/GetDoctorInfoWithNpi" statusCode=200
time="2020-01-02T15:16:31+08:00" level=info msg="API Log" error=Success fields.time="2020-01-02 15:16:31" param="{\"Npi\":1316960271}" route="POST /Doctor/GetDoctorInfoWithNpi" statusCode=200
time="2020-01-02T15:18:22+08:00" level=info msg="API Log" error=Success fields.time="2020-01-02 15:18:22" param="{\"Npi\":1316960271}" route="POST /Doctor/GetDoctorInfoWithNpi" statusCode=200
time="2020-01-02T15:18:28+08:00" level=info msg="API Log" error=Success fields.time="2020-01-02 15:18:28" param="{\"Npi\":1285606202}" route="POST /Doctor/GetDoctorInfoWithNpi" statusCode=200
time="2020-01-02T15:20:02+08:00" level=info msg="API Log" error=Success fields.time="2020-01-02 15:20:02" param="{\"Npi\":1629268263}" route="POST /Doctor/GetDoctorInfoWithNpi" statusCode=200
time="2020-01-02T15:33:53+08:00" level=info msg="API Log" error=Success fields.time="2020-01-02 15:33:53" param="{\"Npi\":1316960271}" route="POST /Doctor/GetDoctorInfoWithNpi" statusCode=200
time="2020-01-02T15:46:02+08:00" level=info msg="API Log" error=Success fields.time="2020-01-02 15:46:02" param="{\"Npi\":1316960271}" route="POST /Doctor/GetDoctorInfoWithNpi" statusCode=200
time="2020-01-02T15:46:27+08:00" level=info msg="API Log" error=Success fields.time="2020-01-02 15:46:27" param="{\"Npi\":1316960271}" route="POST /Doctor/GetDoctorInfoWithNpi" statusCode=200
time="2020-01-02T15:49:38+08:00" level=info msg="API Log" error=Success fields.time="2020-01-02 15:49:38" param="{\"Npi\":1316960271}" route="POST /Doctor/GetDoctorInfoWithNpi" statusCode=200
time="2020-01-02T15:50:39+08:00" level=info msg="API Log" error=Success fields.time="2020-01-02 15:50:39" param="{\"Npi\":1316960271}" route="POST /Doctor/GetDoctorInfoWithNpi" statusCode=200
time="2020-01-02T15:52:03+08:00" level=info msg="API Log" error=Success fields.time="2020-01-02 15:52:03" param="{\"Npi\":1316960271}" route="POST /Doctor/GetDoctorInfoWithNpi" statusCode=200
time="2020-01-02T15:52:42+08:00" level=info msg="API Log" error=Success fields.time="2020-01-02 15:52:42" param="{\"Npi\":1316960271}" route="POST /Doctor/GetDoctorInfoWithNpi" statusCode=200
time="2020-01-02T15:53:22+08:00" level=info msg="API Log" error=Success fields.time="2020-01-02 15:53:22" param="{\"Npi\":1316960271}" route="POST /Doctor/GetDoctorInfoWithNpi" statusCode=200
time="2020-01-02T15:54:17+08:00" level=info msg="API Log" error=Success fields.time="2020-01-02 15:54:17" param="{\"Npi\":1316960271}" route="POST /Doctor/GetDoctorInfoWithNpi" statusCode=200
time="2020-01-02T15:55:23+08:00" level=info msg="API Log" error=Success fields.time="2020-01-02 15:55:23" param="{\"Npi\":1316960271}" route="POST /Doctor/GetDoctorInfoWithNpi" statusCode=200
time="2020-01-02T15:55:25+08:00" level=info msg="API Log" error=Success fields.time="2020-01-02 15:55:25" param="{\"Npi\":1487072286}" route="POST /Doctor/GetDoctorInfoWithNpi" statusCode=200
time="2020-01-02T15:56:10+08:00" level=info msg="API Log" error=Success fields.time="2020-01-02 15:56:10" param="{\"Npi\":1437421328}" route="POST /Doctor/GetDoctorInfoWithNpi" statusCode=200
time="2020-01-02T15:56:22+08:00" level=info msg="API Log" error=Success fields.time="2020-01-02 15:56:22" param="{\"Npi\":1053608224}" route="POST /Doctor/GetDoctorInfoWithNpi" statusCode=200
time="2020-01-02T15:56:57+08:00" level=info msg="API Log" error=Success fields.time="2020-01-02 15:56:57" param="{\"Npi\":1265426720}" route="POST /Doctor/GetDoctorInfoWithNpi" statusCode=200
time="2020-01-02T15:57:02+08:00" level=info msg="API Log" error=Success fields.time="2020-01-02 15:57:02" param="{\"Npi\":1437421328}" route="POST /Doctor/GetDoctorInfoWithNpi" statusCode=200
time="2020-01-02T15:58:10+08:00" level=info msg="API Log" error=Success fields.time="2020-01-02 15:58:10" param="{\"Npi\":1316960271}" route="POST /Doctor/GetDoctorInfoWithNpi" statusCode=200
time="2020-01-02T15:58:11+08:00" level=info msg="API Log" error=Success fields.time="2020-01-02 15:58:11" param="{\"Npi\":1629058334}" route="POST /Doctor/GetDoctorInfoWithNpi" statusCode=200
time="2020-01-02T16:00:18+08:00" level=info msg="API Log" error=Success fields.time="2020-01-02 16:00:18" param="{\"Npi\":1316960271}" route="POST /Doctor/GetDoctorInfoWithNpi" statusCode=200
time="2020-01-02T16:00:24+08:00" level=info msg="API Log" error=Success fields.time="2020-01-02 16:00:24" param="{\"Npi\":1942246467}" route="POST /Doctor/GetDoctorInfoWithNpi" statusCode=200
time="2020-01-02T16:01:37+08:00" level=info msg="API Log" error=Success fields.time="2020-01-02 16:01:37" param="{\"Npi\":1316960271}" route="POST /Doctor/GetDoctorInfoWithNpi" statusCode=200
time="2020-01-02T16:01:44+08:00" level=info msg="API Log" error=Success fields.time="2020-01-02 16:01:44" param="{\"Npi\":1225250335}" route="POST /Doctor/GetDoctorInfoWithNpi" statusCode=200
time="2020-01-02T16:02:07+08:00" level=info msg="API Log" error=Success fields.time="2020-01-02 16:02:07" param="{\"Npi\":1639134240}" route="POST /Doctor/GetDoctorInfoWithNpi" statusCode=200
time="2020-01-02T16:02:34+08:00" level=info msg="API Log" error=Success fields.time="2020-01-02 16:02:34" param="{\"Npi\":1316960271}" route="POST /Doctor/GetDoctorInfoWithNpi" statusCode=200
time="2020-01-02T16:02:36+08:00" level=info msg="API Log" error=Success fields.time="2020-01-02 16:02:36" param="{\"Npi\":1629058334}" route="POST /Doctor/GetDoctorInfoWithNpi" statusCode=200
time="2020-01-02T16:02:51+08:00" level=info msg="API Log" error=Success fields.time="2020-01-02 16:02:51" param="{\"Npi\":1487072286}" route="POST /Doctor/GetDoctorInfoWithNpi" statusCode=200
time="2020-01-02T16:03:46+08:00" level=info msg="API Log" error=Success fields.time="2020-01-02 16:03:46" param="{\"Npi\":1316960271}" route="POST /Doctor/GetDoctorInfoWithNpi" statusCode=200
time="2020-01-02T16:03:49+08:00" level=info msg="API Log" error=Success fields.time="2020-01-02 16:03:49" param="{\"Npi\":1629058334}" route="POST /Doctor/GetDoctorInfoWithNpi" statusCode=200
time="2020-01-02T16:03:55+08:00" level=info msg="API Log" error=Success fields.time="2020-01-02 16:03:55" param="{\"Npi\":1902240542}" route="POST /Doctor/GetDoctorInfoWithNpi" statusCode=200
time="2020-01-02T16:03:58+08:00" level=info msg="API Log" error=Success fields.time="2020-01-02 16:03:58" param="{\"Npi\":1902240542}" route="POST /Doctor/GetDoctorInfoWithNpi" statusCode=200
time="2020-01-02T16:04:02+08:00" level=info msg="API Log" error=Success fields.time="2020-01-02 16:04:02" param="{\"Npi\":1225250335}" route="POST /Doctor/GetDoctorInfoWithNpi" statusCode=200
time="2020-01-02T16:05:56+08:00" level=info msg="API Log" error=Success fields.time="2020-01-02 16:05:56" param="{\"Npi\":1316960271}" route="POST /Doctor/GetDoctorInfoWithNpi" statusCode=200
time="2020-01-02T16:05:58+08:00" level=info msg="API Log" error=Success fields.time="2020-01-02 16:05:58" param="{\"Npi\":1629058334}" route="POST /Doctor/GetDoctorInfoWithNpi" statusCode=200
time="2020-01-02T16:06:04+08:00" level=info msg="API Log" error=Success fields.time="2020-01-02 16:06:04" param="{\"Npi\":1629058334}" route="POST /Doctor/GetDoctorInfoWithNpi" statusCode=200
time="2020-01-02T16:06:07+08:00" level=info msg="API Log" error=Success fields.time="2020-01-02 16:06:07" param="{\"Npi\":1053608224}" route="POST /Doctor/GetDoctorInfoWithNpi" statusCode=200
time="2020-01-02T16:06:49+08:00" level=info msg="API Log" error=Success fields.time="2020-01-02 16:06:49" param="{\"Npi\":1316960271}" route="POST /Doctor/GetDoctorInfoWithNpi" statusCode=200
time="2020-01-02T16:06:51+08:00" level=info msg="API Log" error=Success fields.time="2020-01-02 16:06:51" param="{\"Npi\":1629058334}" route="POST /Doctor/GetDoctorInfoWithNpi" statusCode=200
time="2020-01-02T16:06:54+08:00" level=info msg="API Log" error=Success fields.time="2020-01-02 16:06:54" param="{\"Npi\":1902240542}" route="POST /Doctor/GetDoctorInfoWithNpi" statusCode=200
time="2020-01-02T16:07:37+08:00" level=info msg="API Log" error=Success fields.time="2020-01-02 16:07:37" param="{\"Npi\":1801054754}" route="POST /Doctor/GetDoctorInfoWithNpi" statusCode=200
time="2020-01-02T16:07:39+08:00" level=info msg="API Log" error=Success fields.time="2020-01-02 16:07:39" param="{\"Npi\":1629058334}" route="POST /Doctor/GetDoctorInfoWithNpi" statusCode=200
time="2020-01-02T16:07:42+08:00" level=info msg="API Log" error=Success fields.time="2020-01-02 16:07:42" param="{\"Npi\":1902240542}" route="POST /Doctor/GetDoctorInfoWithNpi" statusCode=200
time="2020-01-02T16:12:40+08:00" level=info msg="API Log" error=Success fields.time="2020-01-02 16:12:40" param="{\"Npi\":1437421328}" route="POST /Doctor/GetDoctorInfoWithNpi" statusCode=200
time="2020-01-02T16:12:43+08:00" level=info msg="API Log" error=Success fields.time="2020-01-02 16:12:43" param="{\"Npi\":1639134240}" route="POST /Doctor/GetDoctorInfoWithNpi" statusCode=200
time="2020-01-02T16:13:37+08:00" level=info msg="API Log" error=Success fields.time="2020-01-02 16:13:37" param="{\"Npi\":1316960271}" route="POST /Doctor/GetDoctorInfoWithNpi" statusCode=200
time="2020-01-02T16:13:39+08:00" level=info msg="API Log" error=Success fields.time="2020-01-02 16:13:39" param="{\"Npi\":1053608224}" route="POST /Doctor/GetDoctorInfoWithNpi" statusCode=200
time="2020-01-02T16:13:46+08:00" level=info msg="API Log" error=Success fields.time="2020-01-02 16:13:46" param="{\"Npi\":1639134240}" route="POST /Doctor/GetDoctorInfoWithNpi" statusCode=200
time="2020-01-02T16:14:50+08:00" level=info msg="API Log" error=Success fields.time="2020-01-02 16:14:50" param="{\"Npi\":1629268263}" route="POST /Doctor/GetDoctorInfoWithNpi" statusCode=200
time="2020-01-02T16:14:51+08:00" level=info msg="API Log" error=Success fields.time="2020-01-02 16:14:51" param="{\"Npi\":1629058334}" route="POST /Doctor/GetDoctorInfoWithNpi" statusCode=200
time="2020-01-02T16:14:55+08:00" level=info msg="API Log" error=Success fields.time="2020-01-02 16:14:55" param="{\"Npi\":1053608224}" route="POST /Doctor/GetDoctorInfoWithNpi" statusCode=200
time="2020-01-02T16:15:24+08:00" level=info msg="API Log" error=Success fields.time="2020-01-02 16:15:24" param="{\"Npi\":1710089503}" route="POST /Doctor/GetDoctorInfoWithNpi" statusCode=200
time="2020-01-02T16:15:27+08:00" level=info msg="API Log" error=Success fields.time="2020-01-02 16:15:27" param="{\"Npi\":1710934559}" route="POST /Doctor/GetDoctorInfoWithNpi" statusCode=200
time="2020-01-02T16:15:31+08:00" level=info msg="API Log" error=Success fields.time="2020-01-02 16:15:31" param="{\"Npi\":1265426720}" route="POST /Doctor/GetDoctorInfoWithNpi" statusCode=200
time="2020-01-02T16:16:55+08:00" level=info msg="API Log" error=Success fields.time="2020-01-02 16:16:55" param="{\"Npi\":1316960271}" route="POST /Doctor/GetDoctorInfoWithNpi" statusCode=200
time="2020-01-02T16:16:58+08:00" level=info msg="API Log" error=Success fields.time="2020-01-02 16:16:58" param="{\"Npi\":1336128545}" route="POST /Doctor/GetDoctorInfoWithNpi" statusCode=200
time="2020-01-02T16:17:05+08:00" level=info msg="API Log" error=Success fields.time="2020-01-02 16:17:05" param="{\"Npi\":1942246467}" route="POST /Doctor/GetDoctorInfoWithNpi" statusCode=200
time="2020-01-02T16:17:09+08:00" level=info msg="API Log" error=Success fields.time="2020-01-02 16:17:09" param="{\"Npi\":1639134240}" route="POST /Doctor/GetDoctorInfoWithNpi" statusCode=200
time="2020-01-02T16:17:44+08:00" level=info msg="API Log" error=Success fields.time="2020-01-02 16:17:44" param="{\"Npi\":1316960271}" route="POST /Doctor/GetDoctorInfoWithNpi" statusCode=200
time="2020-01-02T16:17:51+08:00" level=info msg="API Log" error=Success fields.time="2020-01-02 16:17:51" param="{\"Npi\":1336128545}" route="POST /Doctor/GetDoctorInfoWithNpi" statusCode=200
time="2020-01-02T16:19:05+08:00" level=info msg="API Log" error=Success fields.time="2020-01-02 16:19:05" param="{\"Npi\":1316960271}" route="POST /Doctor/GetDoctorInfoWithNpi" statusCode=200
time="2020-01-02T16:19:08+08:00" level=info msg="API Log" error=Success fields.time="2020-01-02 16:19:08" param="{\"Npi\":1265426720}" route="POST /Doctor/GetDoctorInfoWithNpi" statusCode=200
time="2020-01-02T16:19:14+08:00" level=info msg="API Log" error=Success fields.time="2020-01-02 16:19:14" param="{\"Npi\":1710934559}" route="POST /Doctor/GetDoctorInfoWithNpi" statusCode=200
time="2020-01-02T16:20:21+08:00" level=info msg="API Log" error=Success fields.time="2020-01-02 16:20:21" param="{\"Npi\":1720213838}" route="POST /Doctor/GetDoctorInfoWithNpi" statusCode=200
time="2020-01-02T16:21:01+08:00" level=info msg="API Log" error=Success fields.time="2020-01-02 16:21:01" param="{\"Npi\":1942246467}" route="POST /Doctor/GetDoctorInfoWithNpi" statusCode=200
time="2020-01-02T16:21:12+08:00" level=info msg="API Log" error=Success fields.time="2020-01-02 16:21:12" param="{\"Npi\":1336128545}" route="POST /Doctor/GetDoctorInfoWithNpi" statusCode=200
time="2020-01-02T17:32:47+08:00" level=info msg="API Log" error=Success fields.time="2020-01-02 17:32:47" param="{\"Npi\":1316960271}" route="POST /Doctor/GetDoctorInfoWithNpi" statusCode=200
time="2020-01-02T17:33:24+08:00" level=info msg="API Log" error=Success fields.time="2020-01-02 17:33:24" param="{\"Npi\":1316960271}" route="POST /Doctor/GetDoctorInfoWithNpi" statusCode=200
time="2020-01-02T17:33:29+08:00" level=info msg="API Log" error=Success fields.time="2020-01-02 17:33:29" param="{\"UserId\":1,\"Npi\":1316960271}" route="POST /Doctor/AddCollection" statusCode=200
time="2020-01-02T17:33:59+08:00" level=info msg="API Log" error=Success fields.time="2020-01-02 17:33:59" param="{\"UserId\":1,\"Npi\":1316960271}" route="POST /Doctor/AddCollection" statusCode=200
time="2020-01-02T17:36:21+08:00" level=info msg="API Log" error=Success fields.time="2020-01-02 17:36:21" param="{\"UserId\":1,\"Npi\":1316960271}" route="POST /Doctor/AddCollection" statusCode=200
time="2020-01-02T17:38:35+08:00" level=info msg="API Log" error=Success fields.time="2020-01-02 17:38:35" param="{\"UserId\":1,\"Npi\":1316960271}" route="POST /Doctor/AddCollection" statusCode=200
time="2020-01-02T17:41:37+08:00" level=info msg="API Log" error=Success fields.time="2020-01-02 17:41:37" param="{\"UserId\":1,\"Npi\":1316960271}" route="POST /Doctor/AddCollection" statusCode=200
time="2020-01-02T17:44:57+08:00" level=info msg="API Log" error=Success fields.time="2020-01-02 17:44:57" param="{\"UserId\":1,\"Npi\":1316960271}" route="POST /Doctor/AddCollection" statusCode=200
time="2020-01-02T17:46:21+08:00" level=info msg="API Log" error=Success fields.time="2020-01-02 17:46:21" param="{\"UserId\":1,\"Npi\":1316960271}" route="POST /Doctor/AddCollection" statusCode=200
time="2020-01-02T17:48:34+08:00" level=info msg="API Log" error=Success fields.time="2020-01-02 17:48:34" param="{\"UserId\":1,\"Npi\":1316960271}" route="POST /Doctor/AddCollection" statusCode=200
time="2020-01-02T17:48:56+08:00" level=info msg="API Log" error=Success fields.time="2020-01-02 17:48:56" param="{\"UserId\":1,\"Npi\":1316960271}" route="POST /Doctor/AddCollection" statusCode=200
time="2020-01-02T17:49:40+08:00" level=info msg="API Log" error=Success fields.time="2020-01-02 17:49:40" param="{\"UserId\":0}" route="POST /Doctor/GetCollections" statusCode=200
time="2020-01-02T17:50:02+08:00" level=info msg="API Log" error=Success fields.time="2020-01-02 17:50:02" param="{\"UserId\":1}" route="POST /Doctor/GetCollections" statusCode=200
time="2020-01-02T17:50:18+08:00" level=info msg="API Log" error=Success fields.time="2020-01-02 17:50:18" param="{\"UserId\":1}" route="POST /Doctor/GetCollections" statusCode=200
time="2020-01-02T17:50:33+08:00" level=info msg="API Log" error=Success fields.time="2020-01-02 17:50:33" param="{\"UserId\":1}" route="POST /Doctor/GetCollections" statusCode=200
time="2020-01-02T17:51:24+08:00" level=info msg="API Log" error=Success fields.time="2020-01-02 17:51:24" param="{\"UserId\":1}" route="POST /Doctor/GetCollections" statusCode=200
time="2020-01-02T17:52:06+08:00" level=info msg="API Log" error=Success fields.time="2020-01-02 17:52:06" param="{\"UserId\":1}" route="POST /Doctor/GetCollections" statusCode=200
time="2020-01-02T17:52:51+08:00" level=info msg="API Log" error=Success fields.time="2020-01-02 17:52:51" param="{\"UserId\":1}" route="POST /Doctor/GetCollections" statusCode=200
time="2020-01-02T17:53:13+08:00" level=info msg="API Log" error=Success fields.time="2020-01-02 17:53:13" param="{\"UserId\":2}" route="POST /Doctor/GetCollections" statusCode=200
time="2020-01-02T17:54:04+08:00" level=info msg="API Log" error=Success fields.time="2020-01-02 17:54:04" param="{\"UserId\":1,\"Npi\":1316960271}" route="POST /Doctor/GetCollectionStatus" statusCode=200
